Build started 24/11/2015 12:47:28.
     1>Project "D:\OneDrive\All projects\4th year projects\Computer Graphics\GameProject\learnopenGL1GFLW\learnopenGL1GFLW.vcxproj" on node 2 (Build target(s)).
     1>ClCompile:
         D:\Program Files (x86)\Microsoft Visual Studio 12.0\VC\bin\CL.exe /c /IC:\Libraries\OpenGL\Includes\assimp /ZI /nologo /W3 /WX- /sdl /Od /Oy- /D _MBCS /Gm /EHsc /RTC1 /MDd /GS /fp:precise /Zc:wchar_t /Zc:forScope /Fo"Debug\\" /Fd"Debug\vc120.pdb" /Gd /TP /analyze- /errorReport:prompt Game.cpp
         Game.cpp
     1>d:\onedrive\all projects\4th year projects\computer graphics\gameproject\learnopengl1gflw\lightmanager.h(27): warning C4018: '<' : signed/unsigned mismatch
     1>d:\onedrive\all projects\4th year projects\computer graphics\gameproject\learnopengl1gflw\lightmanager.h(36): warning C4018: '<' : signed/unsigned mismatch
     1>d:\onedrive\all projects\4th year projects\computer graphics\gameproject\learnopengl1gflw\lightmanager.h(48): warning C4018: '<' : signed/unsigned mismatch
     1>d:\onedrive\all projects\4th year projects\computer graphics\gameproject\learnopengl1gflw\game.cpp(6): warning C4351: new behavior: elements of array 'Game::keys' will be default initialized
     1>d:\onedrive\all projects\4th year projects\computer graphics\gameproject\learnopengl1gflw\game.cpp(15): warning C4244: 'argument' : conversion from 'time_t' to 'unsigned int', possible loss of data
     1>d:\onedrive\all projects\4th year projects\computer graphics\gameproject\learnopengl1gflw\game.cpp(189): warning C4305: 'argument' : truncation from 'double' to 'GLfloat'
     1>d:\onedrive\all projects\4th year projects\computer graphics\gameproject\learnopengl1gflw\game.cpp(190): warning C4305: 'argument' : truncation from 'double' to 'GLfloat'
     1>d:\onedrive\all projects\4th year projects\computer graphics\gameproject\learnopengl1gflw\game.cpp(197): warning C4305: 'argument' : truncation from 'double' to 'GLfloat'
     1>d:\onedrive\all projects\4th year projects\computer graphics\gameproject\learnopengl1gflw\game.cpp(198): warning C4305: 'argument' : truncation from 'double' to 'GLfloat'
     1>d:\onedrive\all projects\4th year projects\computer graphics\gameproject\learnopengl1gflw\game.cpp(205): warning C4305: 'argument' : truncation from 'double' to 'GLfloat'
     1>d:\onedrive\all projects\4th year projects\computer graphics\gameproject\learnopengl1gflw\game.cpp(206): warning C4305: 'argument' : truncation from 'double' to 'GLfloat'
     1>d:\onedrive\all projects\4th year projects\computer graphics\gameproject\learnopengl1gflw\game.cpp(213): warning C4305: 'argument' : truncation from 'double' to 'GLfloat'
     1>d:\onedrive\all projects\4th year projects\computer graphics\gameproject\learnopengl1gflw\game.cpp(214): warning C4305: 'argument' : truncation from 'double' to 'GLfloat'
       Link:
         D:\Program Files (x86)\Microsoft Visual Studio 12.0\VC\bin\link.exe /ERRORREPORT:PROMPT /OUT:"D:\OneDrive\All projects\4th year projects\Computer Graphics\GameProject\Debug\learnopenGL1GFLW.exe" /INCREMENTAL /NOLOGO glfw3.lib opengl32.lib glew32s.lib SOIL.lib assimpd.lib kernel32.lib user32.lib gdi32.lib winspool.lib comdlg32.lib advapi32.lib shell32.lib ole32.lib oleaut32.lib uuid.lib odbc32.lib odbccp32.lib /MANIFEST /MANIFESTUAC:"level='asInvoker' uiAccess='false'" /manifest:embed /DEBUG /PDB:"D:\OneDrive\All projects\4th year projects\Computer Graphics\GameProject\Debug\learnopenGL1GFLW.pdb" /TLBID:1 /DYNAMICBASE /NXCOMPAT /IMPLIB:"D:\OneDrive\All projects\4th year projects\Computer Graphics\GameProject\Debug\learnopenGL1GFLW.lib" /MACHINE:X86 Debug\Game.obj
         Debug\main.obj
         Debug\Model.obj
         Debug\ParticleGenerator.obj
         Debug\program.obj
         Debug\ResourceManager.obj
         Debug\Texture.obj
     1>LINK : warning LNK4098: defaultlib 'LIBCMT' conflicts with use of other libs; use /NODEFAULTLIB:library
     1>Model.obj : warning LNK4049: locally defined symbol ___glewActiveTexture imported
     1>Model.obj : warning LNK4049: locally defined symbol ___glewBindBuffer imported
     1>Model.obj : warning LNK4049: locally defined symbol ___glewBufferData imported
     1>Model.obj : warning LNK4049: locally defined symbol ___glewGenBuffers imported
     1>Model.obj : warning LNK4049: locally defined symbol ___glewEnableVertexAttribArray imported
     1>Model.obj : warning LNK4049: locally defined symbol ___glewGetUniformLocation imported
     1>Model.obj : warning LNK4049: locally defined symbol ___glewUniform1f imported
     1>Model.obj : warning LNK4049: locally defined symbol ___glewUniform1i imported
     1>Model.obj : warning LNK4049: locally defined symbol ___glewUniformMatrix4fv imported
     1>Model.obj : warning LNK4049: locally defined symbol ___glewVertexAttribPointer imported
     1>Model.obj : warning LNK4049: locally defined symbol ___glewBindVertexArray imported
     1>Model.obj : warning LNK4049: locally defined symbol ___glewGenVertexArrays imported
     1>ResourceManager.obj : warning LNK4049: locally defined symbol ___glewAttachShader imported
     1>ResourceManager.obj : warning LNK4049: locally defined symbol ___glewCompileShader imported
     1>ResourceManager.obj : warning LNK4049: locally defined symbol ___glewCreateProgram imported
     1>ResourceManager.obj : warning LNK4049: locally defined symbol ___glewCreateShader imported
     1>ResourceManager.obj : warning LNK4049: locally defined symbol ___glewDeleteProgram imported
     1>ResourceManager.obj : warning LNK4049: locally defined symbol ___glewDeleteShader imported
     1>ResourceManager.obj : warning LNK4049: locally defined symbol ___glewGetProgramInfoLog imported
     1>ResourceManager.obj : warning LNK4049: locally defined symbol ___glewGetProgramiv imported
     1>ResourceManager.obj : warning LNK4049: locally defined symbol ___glewGetShaderInfoLog imported
     1>ResourceManager.obj : warning LNK4049: locally defined symbol ___glewGetShaderiv imported
     1>ResourceManager.obj : warning LNK4049: locally defined symbol ___glewLinkProgram imported
     1>ResourceManager.obj : warning LNK4049: locally defined symbol ___glewShaderSource imported
     1>glew32s.lib(glew.obj) : warning LNK4099: PDB 'vc120.pdb' was not found with 'glew32s.lib(glew.obj)' or at 'D:\OneDrive\All projects\4th year projects\Computer Graphics\GameProject\Debug\vc120.pdb'; linking object as if no debug info
         learnopenGL1GFLW.vcxproj -> D:\OneDrive\All projects\4th year projects\Computer Graphics\GameProject\Debug\learnopenGL1GFLW.exe
     1>Done Building Project "D:\OneDrive\All projects\4th year projects\Computer Graphics\GameProject\learnopenGL1GFLW\learnopenGL1GFLW.vcxproj" (Build target(s)).

Build succeeded.

Time Elapsed 00:00:04.14
